Added Component: Designator=P3(HDR-TH_4P-P2.54-V)
Add component. Clean all parameters for all variants
Added Component: Designator=R5(0805_R)
Add component. Clean all parameters for all variants
Add component (AddParameter): Name = "ComponentLink1Description"; Value = "供应商链接"; VariantName = "[No Variations]"
Add component (AddParameter): Name = "ComponentLink1URL"; Value = "http://www.szlcsc.com/product/details_26856.html"; VariantName = "[No Variations]"
Add component (AddParameter): Name = "Package"; Value = "0805"; VariantName = "[No Variations]"
Add component (AddParameter): Name = "Supplier"; Value = "LC"; VariantName = "[No Variations]"
Add component (AddParameter): Name = "SuppliersPartNumber"; Value = "C26113"; VariantName = "[No Variations]"
Added Pin To Net: NetName=D3V3 Pin=R5-2
Added Pin To Net: NetName=CHAIN Pin=ADC1-1
Added Pin To Net: NetName=CHAIN Pin=P3-3
Added Net: Name=CHAIN
Added Pin To Net: NetName=NetP3_2 Pin=P3-2
Added Pin To Net: NetName=NetP3_2 Pin=R5-1
Added Net: Name=NetP3_2
Added Pin To Net: NetName=NetP3_4 Pin=P3-4
Added Pin To Net: NetName=NetP3_4 Pin=R1-2
Added Net: Name=NetP3_4
Added Member To Class: ClassName=HiSpeedADC2 Member=Component P3 A2541WV-4P
Added Member To Class: ClassName=HiSpeedADC2 Member=Component R5 1k
