Added Component: Designator=ADC1(MSOP-16_L4.0-W3.0-P0.50-LS4.9-BL)
Add component. Clean all parameters for all variants
Added Component: Designator=C1(C1206)
Add component. Clean all parameters for all variants
Add component (AddParameter): Name = "LatestRevisionDate"; Value = "29-May-2009"; VariantName = "[No Variations]"
Add component (AddParameter): Name = "LatestRevisionNote"; Value = "IPC-7351 Footprint Added."; VariantName = "[No Variations]"
Add component (AddParameter): Name = "PackageDescription"; Value = "Chip Capacitor"; VariantName = "[No Variations]"
Add component (AddParameter): Name = "PackageReference"; Value = "C1206"; VariantName = "[No Variations]"
Add component (AddParameter): Name = "Published"; Value = "8-Jun-2000"; VariantName = "[No Variations]"
Add component (AddParameter): Name = "Publisher"; Value = "Altium Limited"; VariantName = "[No Variations]"
Add component (AddParameter): Name = "Value"; Value = "10uF"; VariantName = "[No Variations]"
Added Component: Designator=C2(C1206)
Add component. Clean all parameters for all variants
Add component (AddParameter): Name = "LatestRevisionDate"; Value = "29-May-2009"; VariantName = "[No Variations]"
Add component (AddParameter): Name = "LatestRevisionNote"; Value = "IPC-7351 Footprint Added."; VariantName = "[No Variations]"
Add component (AddParameter): Name = "PackageDescription"; Value = "Chip Capacitor"; VariantName = "[No Variations]"
Add component (AddParameter): Name = "PackageReference"; Value = "C1206"; VariantName = "[No Variations]"
Add component (AddParameter): Name = "Published"; Value = "8-Jun-2000"; VariantName = "[No Variations]"
Add component (AddParameter): Name = "Publisher"; Value = "Altium Limited"; VariantName = "[No Variations]"
Add component (AddParameter): Name = "Value"; Value = "0.1uF"; VariantName = "[No Variations]"
Added Component: Designator=C3(C1206)
Add component. Clean all parameters for all variants
Add component (AddParameter): Name = "LatestRevisionDate"; Value = "29-May-2009"; VariantName = "[No Variations]"
Add component (AddParameter): Name = "LatestRevisionNote"; Value = "IPC-7351 Footprint Added."; VariantName = "[No Variations]"
Add component (AddParameter): Name = "PackageDescription"; Value = "Chip Capacitor"; VariantName = "[No Variations]"
Add component (AddParameter): Name = "PackageReference"; Value = "C1206"; VariantName = "[No Variations]"
Add component (AddParameter): Name = "Published"; Value = "8-Jun-2000"; VariantName = "[No Variations]"
Add component (AddParameter): Name = "Publisher"; Value = "Altium Limited"; VariantName = "[No Variations]"
Add component (AddParameter): Name = "Value"; Value = "10uF"; VariantName = "[No Variations]"
Added Component: Designator=C4(C1206)
Add component. Clean all parameters for all variants
Add component (AddParameter): Name = "LatestRevisionDate"; Value = "29-May-2009"; VariantName = "[No Variations]"
Add component (AddParameter): Name = "LatestRevisionNote"; Value = "IPC-7351 Footprint Added."; VariantName = "[No Variations]"
Add component (AddParameter): Name = "PackageDescription"; Value = "Chip Capacitor"; VariantName = "[No Variations]"
Add component (AddParameter): Name = "PackageReference"; Value = "C1206"; VariantName = "[No Variations]"
Add component (AddParameter): Name = "Published"; Value = "8-Jun-2000"; VariantName = "[No Variations]"
Add component (AddParameter): Name = "Publisher"; Value = "Altium Limited"; VariantName = "[No Variations]"
Add component (AddParameter): Name = "Value"; Value = "0.1uF"; VariantName = "[No Variations]"
Added Component: Designator=C5(C1206)
Add component. Clean all parameters for all variants
Add component (AddParameter): Name = "LatestRevisionDate"; Value = "29-May-2009"; VariantName = "[No Variations]"
Add component (AddParameter): Name = "LatestRevisionNote"; Value = "IPC-7351 Footprint Added."; VariantName = "[No Variations]"
Add component (AddParameter): Name = "PackageDescription"; Value = "Chip Capacitor"; VariantName = "[No Variations]"
Add component (AddParameter): Name = "PackageReference"; Value = "C1206"; VariantName = "[No Variations]"
Add component (AddParameter): Name = "Published"; Value = "8-Jun-2000"; VariantName = "[No Variations]"
Add component (AddParameter): Name = "Publisher"; Value = "Altium Limited"; VariantName = "[No Variations]"
Add component (AddParameter): Name = "Value"; Value = "0.1uF"; VariantName = "[No Variations]"
Added Component: Designator=C6(C1206)
Add component. Clean all parameters for all variants
Add component (AddParameter): Name = "LatestRevisionDate"; Value = "29-May-2009"; VariantName = "[No Variations]"
Add component (AddParameter): Name = "LatestRevisionNote"; Value = "IPC-7351 Footprint Added."; VariantName = "[No Variations]"
Add component (AddParameter): Name = "PackageDescription"; Value = "Chip Capacitor"; VariantName = "[No Variations]"
Add component (AddParameter): Name = "PackageReference"; Value = "C1206"; VariantName = "[No Variations]"
Add component (AddParameter): Name = "Published"; Value = "8-Jun-2000"; VariantName = "[No Variations]"
Add component (AddParameter): Name = "Publisher"; Value = "Altium Limited"; VariantName = "[No Variations]"
Add component (AddParameter): Name = "Value"; Value = "47uF"; VariantName = "[No Variations]"
Added Component: Designator=C7(C1206)
Add component. Clean all parameters for all variants
Add component (AddParameter): Name = "LatestRevisionDate"; Value = "29-May-2009"; VariantName = "[No Variations]"
Add component (AddParameter): Name = "LatestRevisionNote"; Value = "IPC-7351 Footprint Added."; VariantName = "[No Variations]"
Add component (AddParameter): Name = "PackageDescription"; Value = "Chip Capacitor"; VariantName = "[No Variations]"
Add component (AddParameter): Name = "PackageReference"; Value = "C1206"; VariantName = "[No Variations]"
Add component (AddParameter): Name = "Published"; Value = "8-Jun-2000"; VariantName = "[No Variations]"
Add component (AddParameter): Name = "Publisher"; Value = "Altium Limited"; VariantName = "[No Variations]"
Add component (AddParameter): Name = "Value"; Value = "2.2uF"; VariantName = "[No Variations]"
Added Component: Designator=C8(C1206)
Add component. Clean all parameters for all variants
Add component (AddParameter): Name = "LatestRevisionDate"; Value = "29-May-2009"; VariantName = "[No Variations]"
Add component (AddParameter): Name = "LatestRevisionNote"; Value = "IPC-7351 Footprint Added."; VariantName = "[No Variations]"
Add component (AddParameter): Name = "PackageDescription"; Value = "Chip Capacitor"; VariantName = "[No Variations]"
Add component (AddParameter): Name = "PackageReference"; Value = "C1206"; VariantName = "[No Variations]"
Add component (AddParameter): Name = "Published"; Value = "8-Jun-2000"; VariantName = "[No Variations]"
Add component (AddParameter): Name = "Publisher"; Value = "Altium Limited"; VariantName = "[No Variations]"
Add component (AddParameter): Name = "Value"; Value = "0.1uF"; VariantName = "[No Variations]"
Added Component: Designator=C9(C1206)
Add component. Clean all parameters for all variants
Add component (AddParameter): Name = "LatestRevisionDate"; Value = "29-May-2009"; VariantName = "[No Variations]"
Add component (AddParameter): Name = "LatestRevisionNote"; Value = "IPC-7351 Footprint Added."; VariantName = "[No Variations]"
Add component (AddParameter): Name = "PackageDescription"; Value = "Chip Capacitor"; VariantName = "[No Variations]"
Add component (AddParameter): Name = "PackageReference"; Value = "C1206"; VariantName = "[No Variations]"
Add component (AddParameter): Name = "Published"; Value = "8-Jun-2000"; VariantName = "[No Variations]"
Add component (AddParameter): Name = "Publisher"; Value = "Altium Limited"; VariantName = "[No Variations]"
Add component (AddParameter): Name = "Value"; Value = "0.1uF"; VariantName = "[No Variations]"
Added Component: Designator=D1(3.2X1.6X1.1)
Add component. Clean all parameters for all variants
Add component (AddParameter): Name = "LatestRevisionDate"; Value = "17-Jul-2002"; VariantName = "[No Variations]"
Add component (AddParameter): Name = "LatestRevisionNote"; Value = "Re-released for DXP Platform."; VariantName = "[No Variations]"
Add component (AddParameter): Name = "PackageDescription"; Value = "SM LED; 2 Flat Leads"; VariantName = "[No Variations]"
Add component (AddParameter): Name = "PackageReference"; Value = "3.2X1.6X1.1"; VariantName = "[No Variations]"
Add component (AddParameter): Name = "PackageVersion"; Value = "Feb-2002"; VariantName = "[No Variations]"
Add component (AddParameter): Name = "Published"; Value = "8-Jun-2000"; VariantName = "[No Variations]"
Add component (AddParameter): Name = "Publisher"; Value = "Altium Limited"; VariantName = "[No Variations]"
Added Component: Designator=E531(HDR-TH_P2.54-H-M_A2541WV-2P)
Add component. Clean all parameters for all variants
Added Component: Designator=E532(HDR-TH_10P-P2.54-V)
Add component. Clean all parameters for all variants
Added Component: Designator=E533(HDR-TH_7P-P2.54-V)
Add component. Clean all parameters for all variants
Added Component: Designator=P1(HDR-TH_6P-P2.54-V)
Add component. Clean all parameters for all variants
Added Component: Designator=P2(HDR-TH_6P-P2.54-V)
Add component. Clean all parameters for all variants
Added Component: Designator=U2V5(SOT-223_L6.7-W3.5-P2.30-BR)
Add component. Clean all parameters for all variants
Add component (AddParameter): Name = "BOM_JLCPCB SMD"; Value = "Yes"; VariantName = "[No Variations]"
Add component (AddParameter): Name = "BOM_Manufacturer"; Value = "AMS"; VariantName = "[No Variations]"
Add component (AddParameter): Name = "BOM_Manufacturer Part"; Value = "AMS1117-ADJ"; VariantName = "[No Variations]"
Add component (AddParameter): Name = "BOM_Supplier"; Value = "LCSC"; VariantName = "[No Variations]"
Add component (AddParameter): Name = "BOM_Supplier Part"; Value = "C6188"; VariantName = "[No Variations]"
Add component (AddParameter): Name = "Contributor"; Value = "GerryChen"; VariantName = "[No Variations]"
Add component (AddParameter): Name = "image"; Value = "//image.lceda.cn/szlcsc/C6188.jpg"; VariantName = "[No Variations]"
Add component (AddParameter): Name = "SMT Type"; Value = "Extend"; VariantName = "[No Variations]"
Add component (AddParameter): Name = "sourceId"; Value = "0btnFXRxP"; VariantName = "[No Variations]"
Add component (AddParameter): Name = "spicePre"; Value = "U"; VariantName = "[No Variations]"
Add component (AddParameter): Name = "spiceSymbolName"; Value = "AMS1117-ADJ"; VariantName = "[No Variations]"
Added Component: Designator=UREF2V5(MSOP-8_L3.0-W3.0-P0.65-LS4.9-BL)
Add component. Clean all parameters for all variants
Added Component: Designator=VIN+(BNC-TH_DOSIN-801-0072)
Add component. Clean all parameters for all variants
Added Component: Designator=VIN-(BNC-TH_DOSIN-801-0072)
Add component. Clean all parameters for all variants
Added Pin To Net: NetName=CLK_IN Pin=E533-7
Added Pin To Net: NetName=CLK_IN Pin=P2-5
Added Net: Name=CLK_IN
Added Pin To Net: NetName=D2V5 Pin=ADC1-2
Added Pin To Net: NetName=D2V5 Pin=C3-1
Added Pin To Net: NetName=D2V5 Pin=C4-1
Added Pin To Net: NetName=D2V5 Pin=U2V5-2
Added Net: Name=D2V5
Added Pin To Net: NetName=D3V3 Pin=ADC1-15
Added Pin To Net: NetName=D3V3 Pin=C1-1
Added Pin To Net: NetName=D3V3 Pin=C2-1
Added Pin To Net: NetName=D3V3 Pin=E532-3
Added Net: Name=D3V3
Added Pin To Net: NetName=D5V0 Pin=C9-1
Added Pin To Net: NetName=D5V0 Pin=E532-1
Added Pin To Net: NetName=D5V0 Pin=U2V5-3
Added Pin To Net: NetName=D5V0 Pin=UREF2V5-1
Added Pin To Net: NetName=D5V0 Pin=UREF2V5-2
Added Net: Name=D5V0
Added Pin To Net: NetName=GND Pin=ADC1-3
Added Pin To Net: NetName=GND Pin=ADC1-6
Added Pin To Net: NetName=GND Pin=ADC1-10
Added Pin To Net: NetName=GND Pin=ADC1-16
Added Pin To Net: NetName=GND Pin=C1-2
Added Pin To Net: NetName=GND Pin=C2-2
Added Pin To Net: NetName=GND Pin=C3-2
Added Pin To Net: NetName=GND Pin=C4-2
Added Pin To Net: NetName=GND Pin=C5-2
Added Pin To Net: NetName=GND Pin=C6-2
Added Pin To Net: NetName=GND Pin=C7-2
Added Pin To Net: NetName=GND Pin=C8-2
Added Pin To Net: NetName=GND Pin=C9-2
Added Pin To Net: NetName=GND Pin=D1-2
Added Pin To Net: NetName=GND Pin=E532-2
Added Pin To Net: NetName=GND Pin=E532-4
Added Pin To Net: NetName=GND Pin=P1-3
Added Pin To Net: NetName=GND Pin=U2V5-1
Added Pin To Net: NetName=GND Pin=UREF2V5-3
Added Pin To Net: NetName=GND Pin=UREF2V5-4
Added Pin To Net: NetName=GND Pin=UREF2V5-5
Added Pin To Net: NetName=GND Pin=UREF2V5-8
Added Pin To Net: NetName=GND Pin=VIN+-2
Added Pin To Net: NetName=GND Pin=VIN+-3
Added Pin To Net: NetName=GND Pin=VIN+-4
Added Pin To Net: NetName=GND Pin=VIN--2
Added Pin To Net: NetName=GND Pin=VIN--3
Added Pin To Net: NetName=GND Pin=VIN--4
Added Net: Name=GND
Added Pin To Net: NetName=MISO Pin=E532-5
Added Pin To Net: NetName=MISO Pin=P2-1
Added Net: Name=MISO
Added Pin To Net: NetName=MOSI Pin=E532-6
Added Pin To Net: NetName=MOSI Pin=P2-3
Added Net: Name=MOSI
Added Pin To Net: NetName=NetADC1_1 Pin=ADC1-1
Added Net: Name=NetADC1_1
Added Pin To Net: NetName=NetADC1_9 Pin=ADC1-9
Added Pin To Net: NetName=NetADC1_9 Pin=P2-6
Added Net: Name=NetADC1_9
Added Pin To Net: NetName=NetADC1_12 Pin=ADC1-12
Added Net: Name=NetADC1_12
Added Pin To Net: NetName=NetADC1_14 Pin=ADC1-14
Added Net: Name=NetADC1_14
Added Pin To Net: NetName=NetD1_1 Pin=D1-1
Added Net: Name=NetD1_1
Added Pin To Net: NetName=NSS Pin=ADC1-11
Added Pin To Net: NetName=NSS Pin=E531-1
Added Pin To Net: NetName=NSS Pin=P2-4
Added Net: Name=NSS
Added Pin To Net: NetName=SCK Pin=ADC1-13
Added Pin To Net: NetName=SCK Pin=E531-2
Added Pin To Net: NetName=SCK Pin=P2-2
Added Net: Name=SCK
Added Pin To Net: NetName=VINN Pin=ADC1-5
Added Pin To Net: NetName=VINN Pin=P1-6
Added Pin To Net: NetName=VINN Pin=VIN--1
Added Net: Name=VINN
Added Pin To Net: NetName=VINP Pin=ADC1-4
Added Pin To Net: NetName=VINP Pin=P1-5
Added Pin To Net: NetName=VINP Pin=VIN+-1
Added Net: Name=VINP
Added Pin To Net: NetName=VREF2V5 Pin=ADC1-7
Added Pin To Net: NetName=VREF2V5 Pin=C6-1
Added Pin To Net: NetName=VREF2V5 Pin=C7-1
Added Pin To Net: NetName=VREF2V5 Pin=C8-1
Added Pin To Net: NetName=VREF2V5 Pin=P1-1
Added Pin To Net: NetName=VREF2V5 Pin=UREF2V5-6
Added Pin To Net: NetName=VREF2V5 Pin=UREF2V5-7
Added Net: Name=VREF2V5
Added Pin To Net: NetName=VREF/DGC Pin=ADC1-8
Added Pin To Net: NetName=VREF/DGC Pin=C5-1
Added Pin To Net: NetName=VREF/DGC Pin=P1-2
Added Net: Name=VREF/DGC
Added Class: Name=HiSpeedADC2
Added Room: Name=HiSpeedADC2
