Removed Pin From Net: NetName=SCK Pin=E53-1
Removed Pin From Net: NetName=SCK Pin=E53-1
Removed Pin From Net: NetName=NSS Pin=E53-2
Removed Pin From Net: NetName=NSS Pin=E53-2
Removed Pin From Net: NetName=CLK_IN Pin=E53-4
Removed Pin From Net: NetName=CLK_IN Pin=E53-4
Removed Pin From Net: NetName=D5V0 Pin=E53-11
Removed Pin From Net: NetName=D5V0 Pin=E53-11
Removed Pin From Net: NetName=GND Pin=E53-12
Removed Pin From Net: NetName=GND Pin=E53-12
Removed Pin From Net: NetName=D3V3 Pin=E53-13
Removed Pin From Net: NetName=D3V3 Pin=E53-13
Removed Pin From Net: NetName=GND Pin=E53-14
Removed Pin From Net: NetName=GND Pin=E53-14
Removed Pin From Net: NetName=MISO Pin=E53-15
Removed Pin From Net: NetName=MISO Pin=E53-15
Removed Pin From Net: NetName=MOSI Pin=E53-16
Removed Pin From Net: NetName=MOSI Pin=E53-16
Removed Member From Class: ClassName=HiSpeedADC Member=E53
Change Component Designator: OldDesignator=R21 NewDesignator=R1
Change Component Designator: OldDesignator=R22 NewDesignator=R2
Change Component Designator: OldDesignator=R23 NewDesignator=R3
Change Component Designator: OldDesignator=R24 NewDesignator=R4
Change Component Designator: OldDesignator=R25 NewDesignator=R5
Change Component Designator: OldDesignator=R26 NewDesignator=R6
Change Component Designator: OldDesignator=R27 NewDesignator=R7
Change Component Designator: OldDesignator=R28 NewDesignator=R8
Change Component Designator: OldDesignator=R29 NewDesignator=R9
Change Component Designator: OldDesignator=R30 NewDesignator=R10
Change Component Designator: OldDesignator=R31 NewDesignator=R11
Added Component: Designator=D1(3.2X1.6X1.1)
Add component. Clean all parameters for all variants
Add component (AddParameter): Name = "LatestRevisionDate"; Value = "17-Jul-2002"; VariantName = "[No Variations]"
Add component (AddParameter): Name = "LatestRevisionNote"; Value = "Re-released for DXP Platform."; VariantName = "[No Variations]"
Add component (AddParameter): Name = "PackageDescription"; Value = "SM LED; 2 Flat Leads"; VariantName = "[No Variations]"
Add component (AddParameter): Name = "PackageReference"; Value = "3.2X1.6X1.1"; VariantName = "[No Variations]"
Add component (AddParameter): Name = "PackageVersion"; Value = "Feb-2002"; VariantName = "[No Variations]"
Add component (AddParameter): Name = "Published"; Value = "8-Jun-2000"; VariantName = "[No Variations]"
Add component (AddParameter): Name = "Publisher"; Value = "Altium Limited"; VariantName = "[No Variations]"
Added Component: Designator=E531(HDR-TH_P2.54-H-M_A2541WV-2P)
Add component. Clean all parameters for all variants
Added Component: Designator=E532(HDR-TH_10P-P2.54-V)
Add component. Clean all parameters for all variants
Added Component: Designator=E533(HDR-TH_7P-P2.54-V)
Add component. Clean all parameters for all variants
Added Component: Designator=R12(6-0805_N)
Add component. Clean all parameters for all variants
Add component (AddParameter): Name = "LatestRevisionDate"; Value = "17-Jul-2002"; VariantName = "[No Variations]"
Add component (AddParameter): Name = "LatestRevisionNote"; Value = "Re-released for DXP Platform."; VariantName = "[No Variations]"
Add component (AddParameter): Name = "PackageDescription"; Value = "Axial Device, Thru-Hole; 2 Leads; 0.4 in Pin Spacing"; VariantName = "[No Variations]"
Add component (AddParameter): Name = "PackageReference"; Value = "AXIAL-0.4"; VariantName = "[No Variations]"
Add component (AddParameter): Name = "Published"; Value = "8-Jun-2000"; VariantName = "[No Variations]"
Add component (AddParameter): Name = "Publisher"; Value = "Altium Limited"; VariantName = "[No Variations]"
Add component (AddParameter): Name = "Value"; Value = "1k"; VariantName = "[No Variations]"
Added Pin To Net: NetName=GND Pin=D1-2
Added Pin To Net: NetName=NSS Pin=E531-1
Added Pin To Net: NetName=SCK Pin=E531-2
Added Pin To Net: NetName=D5V0 Pin=E532-1
Added Pin To Net: NetName=GND Pin=E532-2
Added Pin To Net: NetName=D3V3 Pin=E532-3
Added Pin To Net: NetName=GND Pin=E532-4
Added Pin To Net: NetName=MISO Pin=E532-5
Added Pin To Net: NetName=MOSI Pin=E532-6
Added Pin To Net: NetName=CLK_IN Pin=E533-7
Added Pin To Net: NetName=CNV Pin=JP2-2
Added Pin To Net: NetName=VREF2V5 Pin=R12-2
Added Pin To Net: NetName=NetD1_1 Pin=D1-1
Added Pin To Net: NetName=NetD1_1 Pin=R12-1
Added Net: Name=NetD1_1
Added Member To Class: ClassName=HiSpeedADC Member=Component D1 LED2
Added Member To Class: ClassName=HiSpeedADC Member=Component E531 A2541WV-2P
Added Member To Class: ClassName=HiSpeedADC Member=Component E532 10P-2.54
Added Member To Class: ClassName=HiSpeedADC Member=Component E533 A2541WV-7P
Added Member To Class: ClassName=HiSpeedADC Member=Component R12 
