Removed Pin From Net: NetName=-VIN Pin=J1-1
Removed Pin From Net: NetName=+VIN Pin=J1-3
Change component parameters: Designator = "D1"; Footprint = "SOD-323"; UniqueID = "\BHJKCFOE\QJHROTRF"
Change component parameters. Clean all parameters for all variants
Change component parameters (AddParameter): Name = "ComponentLink1Description"; Value = "供应商链接"; VariantName = "[No Variations]"
Change component parameters (AddParameter): Name = "ComponentLink1URL"; Value = "http://www.szlcsc.com/product/details_2485.html"; VariantName = "[No Variations]"
Change component parameters (AddParameter): Name = "Package"; Value = "SOD-323"; VariantName = "[No Variations]"
Change component parameters (AddParameter): Name = "Supplier"; Value = "LC"; VariantName = "[No Variations]"
Change component parameters (AddParameter): Name = "SuppliersPartNumber"; Value = "C2128"; VariantName = "[No Variations]"
Change component parameters: Designator = "D3"; Footprint = "SOD-323"; UniqueID = "\EIUGXWSU\MCUXENXP"
Change component parameters. Clean all parameters for all variants
Change component parameters (AddParameter): Name = "ComponentLink1Description"; Value = "供应商链接"; VariantName = "[No Variations]"
Change component parameters (AddParameter): Name = "ComponentLink1URL"; Value = "http://www.szlcsc.com/product/details_2485.html"; VariantName = "[No Variations]"
Change component parameters (AddParameter): Name = "Package"; Value = "SOD-323"; VariantName = "[No Variations]"
Change component parameters (AddParameter): Name = "Supplier"; Value = "LC"; VariantName = "[No Variations]"
Change component parameters (AddParameter): Name = "SuppliersPartNumber"; Value = "C2128"; VariantName = "[No Variations]"
Change component parameters: Designator = "X1"; Footprint = "OSC 3225-4P"; UniqueID = "\HBHHVFPL\YKVTLBLJ"
Change component parameters. Clean all parameters for all variants
Change component parameters (AddParameter): Name = "BOM名称"; Value = "4脚无源晶振"; VariantName = "[No Variations]"
Change component parameters (AddParameter): Name = "学习资源"; Value = "www.ooocke.com"; VariantName = "[No Variations]"
Change component parameters (AddParameter): Name = "版权归属"; Value = "源创客"; VariantName = "[No Variations]"
Added Pin To Net: NetName=+VIN Pin=J1-1
Added Pin To Net: NetName=-VIN Pin=J1-3
Added Member To Class: ClassName=U_MultiChannel_ADC Member=Component R161 500
